#
# A fatal error has been detected by the Java Runtime Environment:
#
#  SIGSEGV (0xb) at pc=0x00007fb9348220ad, pid=28970, tid=28988
#
# JRE version: OpenJDK Runtime Environment (11.0.10+9) (build 11.0.10+9-Ubuntu-0ubuntu1.20.04)
# Java VM: OpenJDK 64-Bit Server VM (11.0.10+9-Ubuntu-0ubuntu1.20.04, mixed mode, sharing, tiered, compressed oops, g1 gc, linux-amd64)
# Problematic frame:
# C  [libjimage.so+0x30ad]
#
# Core dump will be written. Default location: Core dumps may be processed with "/usr/share/apport/apport %p %s %c %d %P %E" (or dumping to /home/rohit/jenkins/jgsu-spring-petclinic/core.28970)
#
# If you would like to submit a bug report, please visit:
#   https://bugs.launchpad.net/ubuntu/+source/openjdk-lts
#

---------------  S U M M A R Y ------------

Command Line: -agentlib:jdwp=transport=dt_socket,suspend=y,address=localhost:44575 -ea -javaagent:/home/rohit/.eclipse/360744286_linux_gtk_x86_64/configuration/org.eclipse.osgi/222/0/.cp/lib/javaagent-shaded.jar -Dfile.encoding=UTF-8 org.eclipse.jdt.internal.junit.runner.RemoteTestRunner -version 3 -port 38443 -testLoaderClass org.eclipse.jdt.internal.junit5.runner.JUnit5TestLoader -loaderpluginname org.eclipse.jdt.junit5.runtime -test org.springframework.samples.petclinic.model.ValidatorTests:shouldNotValidateWhenFirstNameEmpty

Host: Intel(R) Core(TM) i5-5200U CPU @ 2.20GHz, 4 cores, 3G, Ubuntu 20.04.2 LTS
Time: Tue Apr 13 12:39:28 2021 IST elapsed time: 53.614603 seconds (0d 0h 0m 53s)

---------------  T H R E A D  ---------------

Current thread (0x00007fb930132800):  JavaThread "Signal Dispatcher" daemon [_thread_in_vm, id=28988, stack(0x00007fb90a984000,0x00007fb90aa85000)]

Stack: [0x00007fb90a984000,0x00007fb90aa85000],  sp=0x00007fb90aa821f0,  free space=1016k
Native frames: (J=compiled Java code, A=aot compiled Java code, j=interpreted, Vv=VM code, C=native code)
C  [libjimage.so+0x30ad]
C  [libjimage.so+0x3da2]
C  [libjimage.so+0x42b1]  JIMAGE_FindResource+0xf1
V  [libjvm.so+0x5af401]
V  [libjvm.so+0x5b1bb1]
V  [libjvm.so+0xde46ed]
V  [libjvm.so+0xde327a]
V  [libjvm.so+0xde583b]
V  [libjvm.so+0x66111e]
V  [libjvm.so+0x84ee46]
j  jdk.internal.misc.Signal.dispatch(I)V+25 java.base@11.0.10
v  ~StubRoutines::call_stub
V  [libjvm.so+0x857b39]
V  [libjvm.so+0x856b52]
V  [libjvm.so+0xbc368e]
V  [libjvm.so+0xe1b50f]
V  [libjvm.so+0xe17b40]
V  [libjvm.so+0xbd5436]

Java frames: (J=compiled Java code, j=interpreted, Vv=VM code)
j  jdk.internal.misc.Signal.dispatch(I)V+25 java.base@11.0.10
v  ~StubRoutines::call_stub

siginfo: si_signo: 11 (SIGSEGV), si_code: 1 (SEGV_MAPERR), si_addr: 0x00007fb9278b1768

Register to memory mapping:

RAX=0x00000000000081d3 is an unknown value
RBX=0x00007fb90aa822a1 is pointing into the stack for thread: 0x00007fb930132800
RCX=0x00007fb90aa822c3 is pointing into the stack for thread: 0x00007fb930132800
RDX=0x00000000000081d3 is an unknown value
RSP=0x00007fb90aa821f0 is pointing into the stack for thread: 0x00007fb930132800
RBP=0x00007fb90aa82210 is pointing into the stack for thread: 0x00007fb930132800
RSI=0x0 is NULL
RDI=0x00007fb934827030: <offset 0x0000000000008030> in /usr/lib/jvm/java-11-openjdk-amd64/lib/libjimage.so at 0x00007fb93481f000
R8 =0x00007fb92789101c is an unknown value
R9 =0x00007fb90aa830b0 is pointing into the stack for thread: 0x00007fb930132800
R10=0x00007fb935bed400: <offset 0x0000000000f40400> in /usr/lib/jvm/java-11-openjdk-amd64/lib/server/libjvm.so at 0x00007fb934cad000
R11=0x00007fb90aa83418 is pointing into the stack for thread: 0x00007fb930132800
R12=0x0000000000008424 is an unknown value
R13=0x00007fb90aa822a0 is pointing into the stack for thread: 0x00007fb930132800
R14=0x0 is NULL
R15=0x00007fb9301331d0 points into unknown readable memory: 0x65746e692f6b646a | 6a 64 6b 2f 69 6e 74 65


Registers:
RAX=0x00000000000081d3, RBX=0x00007fb90aa822a1, RCX=0x00007fb90aa822c3, RDX=0x00000000000081d3
RSP=0x00007fb90aa821f0, RBP=0x00007fb90aa82210, RSI=0x0000000000000000, RDI=0x00007fb934827030
R8 =0x00007fb92789101c, R9 =0x00007fb90aa830b0, R10=0x00007fb935bed400, R11=0x00007fb90aa83418
R12=0x0000000000008424, R13=0x00007fb90aa822a0, R14=0x0000000000000000, R15=0x00007fb9301331d0
RIP=0x00007fb9348220ad, EFLAGS=0x0000000000010246, CSGSFS=0x002b000000000033, ERR=0x0000000000000004
  TRAPNO=0x000000000000000e

Top of Stack: (sp=0x00007fb90aa821f0)
0x00007fb90aa821f0:   0000000000000000 00007fb90aa83338
0x00007fb90aa82200:   00007fb9300098b0 00007fb90aa822a0
0x00007fb90aa82210:   00007fb90aa82280 00007fb934822da2
0x00007fb90aa82220:   0000000000000000 0000000000000000 

Instructions: (pc=0x00007fb9348220ad)
0x00007fb934821fad:   f3 ff ff 44 03 65 90 e9 3f fe ff ff 0f 1f 80 00
0x00007fb934821fbd:   00 00 00 41 8b 10 41 89 55 00 41 8b 54 00 fc 41
0x00007fb934821fcd:   89 54 05 fc e9 82 fc ff ff 66 2e 0f 1f 84 00 00
0x00007fb934821fdd:   00 00 00 b9 0a 00 00 00 e9 f0 fc ff ff 41 0f b7
0x00007fb934821fed:   54 00 fe 66 41 89 54 05 fe e9 5d fc ff ff 0f 1f
0x00007fb934821ffd:   44 00 00 f3 0f 1e fa 0f b6 17 89 f0 89 f1 4c 8d
0x00007fb93482200d:   47 01 84 d2 74 1c 0f 1f 44 00 00 69 c9 93 01 00
0x00007fb93482201d:   01 49 83 c0 01 31 d1 41 0f b6 50 ff 84 d2 75 eb
0x00007fb93482202d:   89 c8 25 ff ff ff 7f c3 90 66 2e 0f 1f 84 00 00
0x00007fb93482203d:   00 00 00 f3 0f 1e fa 48 85 d2 0f 84 da 00 00 00
0x00007fb93482204d:   55 48 89 e5 41 55 41 54 41 89 cc 53 48 83 ec 08
0x00007fb93482205d:   85 c9 0f 84 ba 00 00 00 49 89 f5 48 8d 5e 01 0f
0x00007fb93482206d:   b6 36 49 89 d0 40 84 f6 0f 84 9d 00 00 00 48 89
0x00007fb93482207d:   d9 b8 93 01 00 01 0f 1f 44 00 00 69 d0 93 01 00
0x00007fb93482208d:   01 48 83 c1 01 40 0f b6 c6 0f b6 71 ff 31 d0 40
0x00007fb93482209d:   84 f6 75 e7 25 ff ff ff 7f 31 d2 41 f7 f4 89 d0
0x00007fb9348220ad:   41 8b 34 80 48 8b 07 ff 50 20 85 c0 7f 15 74 62
0x00007fb9348220bd:   f7 d0 41 89 c0 48 83 c4 08 44 89 c0 5b 41 5c 41
0x00007fb9348220cd:   5d 5d c3 41 0f b6 4d 00 89 c6 84 c9 74 1b 0f 1f
0x00007fb9348220dd:   44 00 00 69 f6 93 01 00 01 48 83 c3 01 31 ce 0f
0x00007fb9348220ed:   b6 4b ff 84 c9 75 ec 89 f0 25 ff ff ff 7f 31 d2
0x00007fb9348220fd:   48 83 c4 08 41 f7 f4 5b 41 5c 41 5d 5d 41 89 d0
0x00007fb93482210d:   44 89 c0 c3 0f 1f 80 00 00 00 00 b8 93 01 00 01
0x00007fb93482211d:   eb 87 41 b8 ff ff ff ff eb 9b 41 83 c8 ff 44 89
0x00007fb93482212d:   c0 c3 90 f3 0f 1e fa eb 1d 66 2e 0f 1f 84 00 00
0x00007fb93482213d:   00 00 00 0f b6 16 84 d2 74 13 38 c2 75 15 48 83
0x00007fb93482214d:   c7 01 48 83 c6 01 0f b6 07 84 c0 75 e6 48 89 f8
0x00007fb93482215d:   c3 66 90 31 c0 c3 90 66 66 2e 0f 1f 84 00 00 00
0x00007fb93482216d:   00 00 90 f3 0f 1e fa 48 85 f6 74 51 0f b6 06 84
0x00007fb93482217d:   c0 74 4a 0f b6 d0 83 e0 07 c1 fa 03 44 8d 50 01
0x00007fb93482218d:   0f b6 c0 41 89 d1 4c 8d 44 06 02 48 8d 56 01 31
0x00007fb93482219d:   c0 66 90 0f b6 0a 48 c1 e0 08 48 83 c2 01 48 09 


Stack slot to memory mapping:
stack at sp + 0 slots: 0x0 is NULL
stack at sp + 1 slots: 0x00007fb90aa83338 is pointing into the stack for thread: 0x00007fb930132800
stack at sp + 2 slots: 0x00007fb9300098b0 points into unknown readable memory: 0x00007fb8d00050d0 | d0 50 00 d0 b8 7f 00 00
stack at sp + 3 slots: 0x00007fb90aa822a0 is pointing into the stack for thread: 0x00007fb930132800
stack at sp + 4 slots: 0x00007fb90aa82280 is pointing into the stack for thread: 0x00007fb930132800
stack at sp + 5 slots: 0x00007fb934822da2: <offset 0x0000000000003da2> in /usr/lib/jvm/java-11-openjdk-amd64/lib/libjimage.so at 0x00007fb93481f000
stack at sp + 6 slots: 0x0 is NULL
stack at sp + 7 slots: 0x0 is NULL


---------------  P R O C E S S  ---------------

Threads class SMR info:
_java_thread_list=0x00007fb8c8004bd0, length=12, elements={
0x00007fb93001a800, 0x00007fb93012b000, 0x00007fb93012d000, 0x00007fb930132800,
0x00007fb930134800, 0x00007fb930136800, 0x00007fb930138800, 0x00007fb93013a800,
0x00007fb930151000, 0x00007fb93019c800, 0x00007fb9301a0800, 0x00007fb93071b800
}

Java Threads: ( => current thread )
  0x00007fb93001a800 JavaThread "main" [_thread_blocked, id=28979, stack(0x00007fb934861000,0x00007fb934962000)]
  0x00007fb93012b000 JavaThread "Reference Handler" daemon [_thread_blocked, id=28986, stack(0x00007fb90b0f6000,0x00007fb90b1f7000)]
  0x00007fb93012d000 JavaThread "Finalizer" daemon [_thread_blocked, id=28987, stack(0x00007fb90aff5000,0x00007fb90b0f6000)]
=>0x00007fb930132800 JavaThread "Signal Dispatcher" daemon [_thread_in_vm, id=28988, stack(0x00007fb90a984000,0x00007fb90aa85000)]
  0x00007fb930134800 JavaThread "Service Thread" daemon [_thread_blocked, id=28989, stack(0x00007fb90a883000,0x00007fb90a984000)]
  0x00007fb930136800 JavaThread "C2 CompilerThread0" daemon [_thread_blocked, id=28990, stack(0x00007fb90a782000,0x00007fb90a883000)]
  0x00007fb930138800 JavaThread "C1 CompilerThread0" daemon [_thread_blocked, id=28991, stack(0x00007fb90a681000,0x00007fb90a782000)]
  0x00007fb93013a800 JavaThread "Sweeper thread" daemon [_thread_blocked, id=28992, stack(0x00007fb90a580000,0x00007fb90a681000)]
  0x00007fb930151000 JavaThread "Common-Cleaner" daemon [_thread_blocked, id=28993, stack(0x00007fb90a47f000,0x00007fb90a580000)]
  0x00007fb93019c800 JavaThread "JDWP Transport Listener: dt_socket" daemon [_thread_in_native, id=28995, stack(0x00007fb90a37e000,0x00007fb90a47f000)]
  0x00007fb9301a0800 JavaThread "JDWP Event Helper Thread" daemon [_thread_blocked, id=28996, stack(0x00007fb90a27d000,0x00007fb90a37e000)]
  0x00007fb93071b800 JavaThread "ReaderThread" [_thread_in_native, id=29022, stack(0x00007fb909e77000,0x00007fb909f78000)]

Other Threads:
  0x00007fb930128000 VMThread "VM Thread" [stack: 0x00007fb90b1f9000,0x00007fb90b2f9000] [id=28985]
  0x00007fb93068b000 WatcherThread [stack: 0x00007fb90a07c000,0x00007fb90a17c000] [id=29001]
  0x00007fb930032800 GCTaskThread "GC Thread#0" [stack: 0x00007fb9344c8000,0x00007fb9345c8000] [id=28980]
  0x00007fb8fc001000 GCTaskThread "GC Thread#1" [stack: 0x00007fb909f7a000,0x00007fb90a07a000] [id=29002]
  0x00007fb8fc004000 GCTaskThread "GC Thread#2" [stack: 0x00007fb909d77000,0x00007fb909e77000] [id=29023]
  0x00007fb8fc005800 GCTaskThread "GC Thread#3" [stack: 0x00007fb909c75000,0x00007fb909d75000] [id=29024]
  0x00007fb93004d800 ConcurrentGCThread "G1 Main Marker" [stack: 0x00007fb9181e8000,0x00007fb9182e8000] [id=28981]
  0x00007fb93004f000 ConcurrentGCThread "G1 Conc#0" [stack: 0x00007fb9180e6000,0x00007fb9181e6000] [id=28982]
  0x00007fb930093000 ConcurrentGCThread "G1 Refine#0" [stack: 0x00007fb90bbfd000,0x00007fb90bcfd000] [id=28983]
  0x00007fb930094800 ConcurrentGCThread "G1 Young RemSet Sampling" [stack: 0x00007fb90bafb000,0x00007fb90bbfb000] [id=28984]

Threads with active compile tasks:

VM state:not at safepoint (normal execution)

VM Mutex/Monitor currently owned by a thread: None

Heap address: 0x00000000c3a00000, size: 966 MB, Compressed Oops mode: 32-bit
Narrow klass base: 0x0000000800000000, Narrow klass shift: 3
Compressed class space size: 1073741824 Address: 0x0000000840000000

Heap:
 garbage-first heap   total 65536K, used 14347K [0x00000000c3a00000, 0x0000000100000000)
  region size 1024K, 8 young (8192K), 3 survivors (3072K)
 Metaspace       used 12368K, capacity 12919K, committed 13056K, reserved 1060864K
  class space    used 1549K, capacity 1732K, committed 1792K, reserved 1048576K
Heap Regions: E=young(eden), S=young(survivor), O=old, HS=humongous(starts), HC=humongous(continues), CS=collection set, F=free, A=archive, TAMS=top-at-mark-start (previous, next)
|   0|0x00000000c3a00000, 0x00000000c3b00000, 0x00000000c3b00000|100%|HS|  |TAMS 0x00000000c3a00000, 0x00000000c3a00000| Complete 
|   1|0x00000000c3b00000, 0x00000000c3c00000, 0x00000000c3c00000|100%| O|  |TAMS 0x00000000c3b00000, 0x00000000c3b00000| Untracked 
|   2|0x00000000c3c00000, 0x00000000c3d00000, 0x00000000c3d00000|100%| O|  |TAMS 0x00000000c3c00000, 0x00000000c3c00000| Untracked 
|   3|0x00000000c3d00000, 0x00000000c3e00000, 0x00000000c3e00000|100%| O|  |TAMS 0x00000000c3d00000, 0x00000000c3d00000| Untracked 
|   4|0x00000000c3e00000, 0x00000000c3f00000, 0x00000000c3f00000|100%| O|  |TAMS 0x00000000c3e00000, 0x00000000c3e00000| Untracked 
|   5|0x00000000c3f00000, 0x00000000c4000000, 0x00000000c4000000|100%| O|  |TAMS 0x00000000c3f00000, 0x00000000c3f00000| Untracked 
|   6|0x00000000c4000000, 0x00000000c40e6e00, 0x00000000c4100000| 90%| O|  |TAMS 0x00000000c4000000, 0x00000000c4000000| Untracked 
|   7|0x00000000c4100000, 0x00000000c4100000, 0x00000000c4200000|  0%| F|  |TAMS 0x00000000c4100000, 0x00000000c4100000| Untracked 
|   8|0x00000000c4200000, 0x00000000c4200000, 0x00000000c4300000|  0%| F|  |TAMS 0x00000000c4200000, 0x00000000c4200000| Untracked 
|   9|0x00000000c4300000, 0x00000000c4300000, 0x00000000c4400000|  0%| F|  |TAMS 0x00000000c4300000, 0x00000000c4300000| Untracked 
|  10|0x00000000c4400000, 0x00000000c4400000, 0x00000000c4500000|  0%| F|  |TAMS 0x00000000c4400000, 0x00000000c4400000| Untracked 
|  11|0x00000000c4500000, 0x00000000c4500000, 0x00000000c4600000|  0%| F|  |TAMS 0x00000000c4500000, 0x00000000c4500000| Untracked 
|  12|0x00000000c4600000, 0x00000000c4600000, 0x00000000c4700000|  0%| F|  |TAMS 0x00000000c4600000, 0x00000000c4600000| Untracked 
|  13|0x00000000c4700000, 0x00000000c4700000, 0x00000000c4800000|  0%| F|  |TAMS 0x00000000c4700000, 0x00000000c4700000| Untracked 
|  14|0x00000000c4800000, 0x00000000c4800000, 0x00000000c4900000|  0%| F|  |TAMS 0x00000000c4800000, 0x00000000c4800000| Untracked 
|  15|0x00000000c4900000, 0x00000000c4900000, 0x00000000c4a00000|  0%| F|  |TAMS 0x00000000c4900000, 0x00000000c4900000| Untracked 
|  16|0x00000000c4a00000, 0x00000000c4a00000, 0x00000000c4b00000|  0%| F|  |TAMS 0x00000000c4a00000, 0x00000000c4a00000| Untracked 
|  17|0x00000000c4b00000, 0x00000000c4b00000, 0x00000000c4c00000|  0%| F|  |TAMS 0x00000000c4b00000, 0x00000000c4b00000| Untracked 
|  18|0x00000000c4c00000, 0x00000000c4c00000, 0x00000000c4d00000|  0%| F|  |TAMS 0x00000000c4c00000, 0x00000000c4c00000| Untracked 
|  19|0x00000000c4d00000, 0x00000000c4d00000, 0x00000000c4e00000|  0%| F|  |TAMS 0x00000000c4d00000, 0x00000000c4d00000| Untracked 
|  20|0x00000000c4e00000, 0x00000000c4e00000, 0x00000000c4f00000|  0%| F|  |TAMS 0x00000000c4e00000, 0x00000000c4e00000| Untracked 
|  21|0x00000000c4f00000, 0x00000000c4f00000, 0x00000000c5000000|  0%| F|  |TAMS 0x00000000c4f00000, 0x00000000c4f00000| Untracked 
|  22|0x00000000c5000000, 0x00000000c5000000, 0x00000000c5100000|  0%| F|  |TAMS 0x00000000c5000000, 0x00000000c5000000| Untracked 
|  23|0x00000000c5100000, 0x00000000c5100000, 0x00000000c5200000|  0%| F|  |TAMS 0x00000000c5100000, 0x00000000c5100000| Untracked 
|  24|0x00000000c5200000, 0x00000000c5200000, 0x00000000c5300000|  0%| F|  |TAMS 0x00000000c5200000, 0x00000000c5200000| Untracked 
|  25|0x00000000c5300000, 0x00000000c5300000, 0x00000000c5400000|  0%| F|  |TAMS 0x00000000c5300000, 0x00000000c5300000| Untracked 
|  26|0x00000000c5400000, 0x00000000c5469f40, 0x00000000c5500000| 41%| S|CS|TAMS 0x00000000c5400000, 0x00000000c5400000| Complete 
|  27|0x00000000c5500000, 0x00000000c5600000, 0x00000000c5600000|100%| S|CS|TAMS 0x00000000c5500000, 0x00000000c5500000| Complete 
|  28|0x00000000c5600000, 0x00000000c5700000, 0x00000000c5700000|100%| S|CS|TAMS 0x00000000c5600000, 0x00000000c5600000| Complete 
|  29|0x00000000c5700000, 0x00000000c5700000, 0x00000000c5800000|  0%| F|  |TAMS 0x00000000c5700000, 0x00000000c5700000| Untracked 
|  30|0x00000000c5800000, 0x00000000c5800000, 0x00000000c5900000|  0%| F|  |TAMS 0x00000000c5800000, 0x00000000c5800000| Untracked 
|  31|0x00000000c5900000, 0x00000000c5900000, 0x00000000c5a00000|  0%| F|  |TAMS 0x00000000c5900000, 0x00000000c5900000| Untracked 
|  32|0x00000000c5a00000, 0x00000000c5a00000, 0x00000000c5b00000|  0%| F|  |TAMS 0x00000000c5a00000, 0x00000000c5a00000| Untracked 
|  33|0x00000000c5b00000, 0x00000000c5b00000, 0x00000000c5c00000|  0%| F|  |TAMS 0x00000000c5b00000, 0x00000000c5b00000| Untracked 
|  34|0x00000000c5c00000, 0x00000000c5c00000, 0x00000000c5d00000|  0%| F|  |TAMS 0x00000000c5c00000, 0x00000000c5c00000| Untracked 
|  35|0x00000000c5d00000, 0x00000000c5d00000, 0x00000000c5e00000|  0%| F|  |TAMS 0x00000000c5d00000, 0x00000000c5d00000| Untracked 
|  36|0x00000000c5e00000, 0x00000000c5e00000, 0x00000000c5f00000|  0%| F|  |TAMS 0x00000000c5e00000, 0x00000000c5e00000| Untracked 
|  37|0x00000000c5f00000, 0x00000000c5f00000, 0x00000000c6000000|  0%| F|  |TAMS 0x00000000c5f00000, 0x00000000c5f00000| Untracked 
|  38|0x00000000c6000000, 0x00000000c6000000, 0x00000000c6100000|  0%| F|  |TAMS 0x00000000c6000000, 0x00000000c6000000| Untracked 
|  39|0x00000000c6100000, 0x00000000c6100000, 0x00000000c6200000|  0%| F|  |TAMS 0x00000000c6100000, 0x00000000c6100000| Untracked 
|  40|0x00000000c6200000, 0x00000000c6200000, 0x00000000c6300000|  0%| F|  |TAMS 0x00000000c6200000, 0x00000000c6200000| Untracked 
|  41|0x00000000c6300000, 0x00000000c6300000, 0x00000000c6400000|  0%| F|  |TAMS 0x00000000c6300000, 0x00000000c6300000| Untracked 
|  42|0x00000000c6400000, 0x00000000c6400000, 0x00000000c6500000|  0%| F|  |TAMS 0x00000000c6400000, 0x00000000c6400000| Untracked 
|  43|0x00000000c6500000, 0x00000000c6500000, 0x00000000c6600000|  0%| F|  |TAMS 0x00000000c6500000, 0x00000000c6500000| Untracked 
|  44|0x00000000c6600000, 0x00000000c6600000, 0x00000000c6700000|  0%| F|  |TAMS 0x00000000c6600000, 0x00000000c6600000| Untracked 
|  45|0x00000000c6700000, 0x00000000c6700000, 0x00000000c6800000|  0%| F|  |TAMS 0x00000000c6700000, 0x00000000c6700000| Untracked 
|  46|0x00000000c6800000, 0x00000000c6800000, 0x00000000c6900000|  0%| F|  |TAMS 0x00000000c6800000, 0x00000000c6800000| Untracked 
|  47|0x00000000c6900000, 0x00000000c6900000, 0x00000000c6a00000|  0%| F|  |TAMS 0x00000000c6900000, 0x00000000c6900000| Untracked 
|  48|0x00000000c6a00000, 0x00000000c6a00000, 0x00000000c6b00000|  0%| F|  |TAMS 0x00000000c6a00000, 0x00000000c6a00000| Untracked 
|  49|0x00000000c6b00000, 0x00000000c6b00000, 0x00000000c6c00000|  0%| F|  |TAMS 0x00000000c6b00000, 0x00000000c6b00000| Untracked 
|  50|0x00000000c6c00000, 0x00000000c6c00000, 0x00000000c6d00000|  0%| F|  |TAMS 0x00000000c6c00000, 0x00000000c6c00000| Untracked 
|  51|0x00000000c6d00000, 0x00000000c6d00000, 0x00000000c6e00000|  0%| F|  |TAMS 0x00000000c6d00000, 0x00000000c6d00000| Untracked 
|  52|0x00000000c6e00000, 0x00000000c6e00000, 0x00000000c6f00000|  0%| F|  |TAMS 0x00000000c6e00000, 0x00000000c6e00000| Untracked 
|  53|0x00000000c6f00000, 0x00000000c6f00000, 0x00000000c7000000|  0%| F|  |TAMS 0x00000000c6f00000, 0x00000000c6f00000| Untracked 
|  54|0x00000000c7000000, 0x00000000c7000000, 0x00000000c7100000|  0%| F|  |TAMS 0x00000000c7000000, 0x00000000c7000000| Untracked 
|  55|0x00000000c7100000, 0x00000000c7100000, 0x00000000c7200000|  0%| F|  |TAMS 0x00000000c7100000, 0x00000000c7100000| Untracked 
|  56|0x00000000c7200000, 0x00000000c7200000, 0x00000000c7300000|  0%| F|  |TAMS 0x00000000c7200000, 0x00000000c7200000| Untracked 
|  57|0x00000000c7300000, 0x00000000c7400000, 0x00000000c7400000|100%| E|  |TAMS 0x00000000c7300000, 0x00000000c7300000| Complete 
|  58|0x00000000c7400000, 0x00000000c7500000, 0x00000000c7500000|100%| E|CS|TAMS 0x00000000c7400000, 0x00000000c7400000| Complete 
|  59|0x00000000c7500000, 0x00000000c7600000, 0x00000000c7600000|100%| E|CS|TAMS 0x00000000c7500000, 0x00000000c7500000| Complete 
|  60|0x00000000c7600000, 0x00000000c7700000, 0x00000000c7700000|100%| E|CS|TAMS 0x00000000c7600000, 0x00000000c7600000| Complete 
|  61|0x00000000c7700000, 0x00000000c7800000, 0x00000000c7800000|100%| E|CS|TAMS 0x00000000c7700000, 0x00000000c7700000| Complete 
| 964|0x00000000ffe00000, 0x00000000ffe47000, 0x00000000fff00000| 27%|OA|  |TAMS 0x00000000ffe00000, 0x00000000ffe00000| Untracked 
| 965|0x00000000fff00000, 0x00000000fff6b000, 0x0000000100000000| 41%|CA|  |TAMS 0x00000000fff00000, 0x00000000fff00000| Untracked 

Card table byte_map: [0x00007fb9184cb000,0x00007fb9186ae000] _byte_map_base: 0x00007fb917eae000

Marking Bits (Prev, Next): (CMBitMap*) 0x00007fb930048978, (CMBitMap*) 0x00007fb9300489b0
 Prev Bits: [0x00007fb9130e8000, 0x00007fb914000000)
 Next Bits: [0x00007fb9121d0000, 0x00007fb9130e8000)

Polling page: 0x00007fb93481d000

Metaspace:

Usage:
  Non-class:     10.92 MB capacity,    10.57 MB ( 97%) used,   317.63 KB (  3%) free+waste,    50.62 KB ( <1%) overhead. 
      Class:      1.69 MB capacity,     1.51 MB ( 89%) used,   157.01 KB (  9%) free+waste,    25.56 KB (  1%) overhead. 
       Both:     12.62 MB capacity,    12.08 MB ( 96%) used,   474.64 KB (  4%) free+waste,    76.19 KB ( <1%) overhead. 

Virtual space:
  Non-class space:       12.00 MB reserved,      11.00 MB ( 92%) committed 
      Class space:        1.00 GB reserved,       1.75 MB ( <1%) committed 
             Both:        1.01 GB reserved,      12.75 MB (  1%) committed 

Chunk freelists:
   Non-Class:  25.00 KB
       Class:  0 bytes
        Both:  25.00 KB

MaxMetaspaceSize: unlimited
CompressedClassSpaceSize: 1.00 GB

CodeHeap 'non-profiled nmethods': size=120032Kb used=859Kb max_used=859Kb free=119172Kb
 bounds [0x00007fb920359000, 0x00007fb9205c9000, 0x00007fb927891000]
CodeHeap 'profiled nmethods': size=120032Kb used=3881Kb max_used=3881Kb free=116151Kb
 bounds [0x00007fb918e21000, 0x00007fb9191f1000, 0x00007fb920359000]
CodeHeap 'non-nmethods': size=5696Kb used=1184Kb max_used=1249Kb free=4511Kb
 bounds [0x00007fb918891000, 0x00007fb918b01000, 0x00007fb918e21000]
 total_blobs=2133 nmethods=1691 adapters=362
 compilation: enabled
              stopped_count=0, restarted_count=0
 full_count=0

Compilation events (20 events):
Event: 26.686 Thread 0x00007fb930138800 nmethod 1708 0x00007fb9191e9e90 code [0x00007fb9191ea040, 0x00007fb9191ea180]
Event: 26.686 Thread 0x00007fb930138800 1709       2       java.util.HashMap$HashMapSpliterator::getFence (53 bytes)
Event: 26.687 Thread 0x00007fb930138800 nmethod 1709 0x00007fb9191ea210 code [0x00007fb9191ea3c0, 0x00007fb9191ea510]
Event: 26.687 Thread 0x00007fb930138800 1703       1       java.util.Collections$EmptyMap::isEmpty (2 bytes)
Event: 26.687 Thread 0x00007fb930138800 nmethod 1703 0x00007fb920414710 code [0x00007fb9204148c0, 0x00007fb920414990]
Event: 26.687 Thread 0x00007fb930138800 1707       1       org.hibernate.validator.internal.metadata.aggregated.CascadingMetaDataBuilder::hasGroupConversionsOnAnnotatedObjectOrContainerElements (5 bytes)
Event: 26.687 Thread 0x00007fb930138800 nmethod 1707 0x00007fb920414a10 code [0x00007fb920414bc0, 0x00007fb920414c90]
Event: 26.687 Thread 0x00007fb930138800 1711       2       java.util.stream.AbstractPipeline::evaluate (94 bytes)
Event: 26.687 Thread 0x00007fb930138800 nmethod 1711 0x00007fb9191ea610 code [0x00007fb9191ea820, 0x00007fb9191eab40]
Event: 26.687 Thread 0x00007fb930138800 1712       2       java.util.stream.AbstractPipeline::copyInto (54 bytes)
Event: 26.688 Thread 0x00007fb930138800 nmethod 1712 0x00007fb9191ead10 code [0x00007fb9191eaf20, 0x00007fb9191eb230]
Event: 26.688 Thread 0x00007fb930138800 1713       1       org.hibernate.validator.internal.metadata.aggregated.NonContainerCascadingMetaData::isMarkedForCascadingOnAnnotatedObjectOrContainerElements (5 bytes)
Event: 26.688 Thread 0x00007fb930138800 nmethod 1713 0x00007fb920414d10 code [0x00007fb920414ec0, 0x00007fb920414f90]
Event: 26.695 Thread 0x00007fb930136800 nmethod 1435 0x00007fb920415010 code [0x00007fb920415320, 0x00007fb9204180c8]
Event: 26.695 Thread 0x00007fb930136800 1684       4       org.eclipse.jdt.launching.internal.org.objectweb.asm.ClassReader::readCode (5089 bytes)
Event: 28.456 Thread 0x00007fb930136800 nmethod 1684 0x00007fb920419710 code [0x00007fb920419f60, 0x00007fb9204271d8]
Event: 28.456 Thread 0x00007fb930136800 1328       4       java.lang.String::isLatin1 (19 bytes)
Event: 28.456 Thread 0x00007fb930136800 nmethod 1328 0x00007fb92042f790 code [0x00007fb92042f920, 0x00007fb92042f998]
Event: 28.457 Thread 0x00007fb930136800 1478       4       java.lang.CharacterData::of (120 bytes)
Event: 28.457 Thread 0x00007fb930136800 nmethod 1478 0x00007fb92042fa10 code [0x00007fb92042fba0, 0x00007fb92042fc18]

GC Heap History (14 events):
Event: 2.932 GC heap before
{Heap before GC invocations=0 (full 0):
 garbage-first heap   total 65536K, used 15048K [0x00000000c3a00000, 0x0000000100000000)
  region size 1024K, 14 young (14336K), 0 survivors (0K)
 Metaspace       used 3100K, capacity 4974K, committed 5120K, reserved 1056768K
  class space    used 275K, capacity 443K, committed 512K, reserved 1048576K
}
Event: 2.944 GC heap after
{Heap after GC invocations=1 (full 0):
 garbage-first heap   total 65536K, used 7312K [0x00000000c3a00000, 0x0000000100000000)
  region size 1024K, 2 young (2048K), 2 survivors (2048K)
 Metaspace       used 3100K, capacity 4974K, committed 5120K, reserved 1056768K
  class space    used 275K, capacity 443K, committed 512K, reserved 1048576K
}
Event: 19.773 GC heap before
{Heap before GC invocations=1 (full 0):
 garbage-first heap   total 65536K, used 18576K [0x00000000c3a00000, 0x0000000100000000)
  region size 1024K, 13 young (13312K), 2 survivors (2048K)
 Metaspace       used 4583K, capacity 5777K, committed 6016K, reserved 1056768K
  class space    used 444K, capacity 585K, committed 640K, reserved 1048576K
}
Event: 19.788 GC heap after
{Heap after GC invocations=2 (full 0):
 garbage-first heap   total 65536K, used 7862K [0x00000000c3a00000, 0x0000000100000000)
  region size 1024K, 1 young (1024K), 1 survivors (1024K)
 Metaspace       used 4583K, capacity 5777K, committed 6016K, reserved 1056768K
  class space    used 444K, capacity 585K, committed 640K, reserved 1048576K
}
Event: 24.876 GC heap before
{Heap before GC invocations=2 (full 0):
 garbage-first heap   total 65536K, used 28342K [0x00000000c3a00000, 0x0000000100000000)
  region size 1024K, 21 young (21504K), 1 survivors (1024K)
 Metaspace       used 6661K, capacity 7412K, committed 7680K, reserved 1056768K
  class space    used 752K, capacity 940K, committed 1024K, reserved 1048576K
}
Event: 24.880 GC heap after
{Heap after GC invocations=3 (full 0):
 garbage-first heap   total 65536K, used 8299K [0x00000000c3a00000, 0x0000000100000000)
  region size 1024K, 1 young (1024K), 1 survivors (1024K)
 Metaspace       used 6661K, capacity 7412K, committed 7680K, reserved 1056768K
  class space    used 752K, capacity 940K, committed 1024K, reserved 1048576K
}
Event: 25.620 GC heap before
{Heap before GC invocations=3 (full 0):
 garbage-first heap   total 65536K, used 31851K [0x00000000c3a00000, 0x0000000100000000)
  region size 1024K, 25 young (25600K), 1 survivors (1024K)
 Metaspace       used 9258K, capacity 9776K, committed 9984K, reserved 1058816K
  class space    used 1066K, capacity 1242K, committed 1280K, reserved 1048576K
}
Event: 25.626 GC heap after
{Heap after GC invocations=4 (full 0):
 garbage-first heap   total 65536K, used 9258K [0x00000000c3a00000, 0x0000000100000000)
  region size 1024K, 2 young (2048K), 2 survivors (2048K)
 Metaspace       used 9258K, capacity 9776K, committed 9984K, reserved 1058816K
  class space    used 1066K, capacity 1242K, committed 1280K, reserved 1048576K
}
Event: 26.267 GC heap before
{Heap before GC invocations=4 (full 0):
 garbage-first heap   total 65536K, used 35882K [0x00000000c3a00000, 0x0000000100000000)
  region size 1024K, 28 young (28672K), 2 survivors (2048K)
 Metaspace       used 10803K, capacity 11312K, committed 11648K, reserved 1058816K
  class space    used 1343K, capacity 1537K, committed 1664K, reserved 1048576K
}
Event: 26.276 GC heap after
{Heap after GC invocations=5 (full 0):
 garbage-first heap   total 65536K, used 9769K [0x00000000c3a00000, 0x0000000100000000)
  region size 1024K, 3 young (3072K), 3 survivors (3072K)
 Metaspace       used 10803K, capacity 11312K, committed 11648K, reserved 1058816K
  class space    used 1343K, capacity 1537K, committed 1664K, reserved 1048576K
}
Event: 26.587 GC heap before
{Heap before GC invocations=5 (full 0):
 garbage-first heap   total 65536K, used 36393K [0x00000000c3a00000, 0x0000000100000000)
  region size 1024K, 30 young (30720K), 3 survivors (3072K)
 Metaspace       used 12127K, capacity 12613K, committed 12800K, reserved 1060864K
  class space    used 1516K, capacity 1694K, committed 1792K, reserved 1048576K
}
Event: 26.594 GC heap after
{Heap after GC invocations=6 (full 0):
 garbage-first heap   total 65536K, used 10142K [0x00000000c3a00000, 0x0000000100000000)
  region size 1024K, 3 young (3072K), 3 survivors (3072K)
 Metaspace       used 12127K, capacity 12613K, committed 12800K, reserved 1060864K
  class space    used 1516K, capacity 1694K, committed 1792K, reserved 1048576K
}
Event: 26.603 GC heap before
{Heap before GC invocations=6 (full 0):
 garbage-first heap   total 65536K, used 39838K [0x00000000c3a00000, 0x0000000100000000)
  region size 1024K, 33 young (33792K), 3 survivors (3072K)
 Metaspace       used 12127K, capacity 12613K, committed 12800K, reserved 1060864K
  class space    used 1516K, capacity 1694K, committed 1792K, reserved 1048576K
}
Event: 26.607 GC heap after
{Heap after GC invocations=7 (full 0):
 garbage-first heap   total 65536K, used 10251K [0x00000000c3a00000, 0x0000000100000000)
  region size 1024K, 3 young (3072K), 3 survivors (3072K)
 Metaspace       used 12127K, capacity 12613K, committed 12800K, reserved 1060864K
  class space    used 1516K, capacity 1694K, committed 1792K, reserved 1048576K
}

Deoptimization events (20 events):
Event: 26.676 Thread 0x00007fb93001a800 DEOPT PACKING pc=0x00007fb91913d84c sp=0x00007fb93495ccd0
Event: 26.676 Thread 0x00007fb93001a800 DEOPT UNPACKING pc=0x00007fb9188c853a sp=0x00007fb93495c1e0 mode 1
Event: 26.677 Thread 0x00007fb93001a800 DEOPT PACKING pc=0x00007fb919035fe4 sp=0x00007fb93495c460
Event: 26.677 Thread 0x00007fb93001a800 DEOPT UNPACKING pc=0x00007fb9188c853a sp=0x00007fb93495b918 mode 1
Event: 26.677 Thread 0x00007fb93001a800 DEOPT PACKING pc=0x00007fb91900ee04 sp=0x00007fb93495c530
Event: 26.677 Thread 0x00007fb93001a800 DEOPT UNPACKING pc=0x00007fb9188c853a sp=0x00007fb93495ba08 mode 1
Event: 26.677 Thread 0x00007fb93001a800 DEOPT PACKING pc=0x00007fb91913d84c sp=0x00007fb93495ccd0
Event: 26.677 Thread 0x00007fb93001a800 DEOPT UNPACKING pc=0x00007fb9188c853a sp=0x00007fb93495c1e0 mode 1
Event: 26.679 Thread 0x00007fb93001a800 DEOPT PACKING pc=0x00007fb919035fe4 sp=0x00007fb93495c780
Event: 26.679 Thread 0x00007fb93001a800 DEOPT UNPACKING pc=0x00007fb9188c853a sp=0x00007fb93495bc38 mode 1
Event: 26.679 Thread 0x00007fb93001a800 DEOPT PACKING pc=0x00007fb91900ee04 sp=0x00007fb93495c850
Event: 26.679 Thread 0x00007fb93001a800 DEOPT UNPACKING pc=0x00007fb9188c853a sp=0x00007fb93495bd28 mode 1
Event: 26.679 Thread 0x00007fb93001a800 DEOPT PACKING pc=0x00007fb91913d84c sp=0x00007fb93495cff0
Event: 26.679 Thread 0x00007fb93001a800 DEOPT UNPACKING pc=0x00007fb9188c853a sp=0x00007fb93495c500 mode 1
Event: 26.680 Thread 0x00007fb93001a800 DEOPT PACKING pc=0x00007fb919035fe4 sp=0x00007fb93495c780
Event: 26.680 Thread 0x00007fb93001a800 DEOPT UNPACKING pc=0x00007fb9188c853a sp=0x00007fb93495bc38 mode 1
Event: 26.680 Thread 0x00007fb93001a800 DEOPT PACKING pc=0x00007fb91900ee04 sp=0x00007fb93495c850
Event: 26.680 Thread 0x00007fb93001a800 DEOPT UNPACKING pc=0x00007fb9188c853a sp=0x00007fb93495bd28 mode 1
Event: 26.680 Thread 0x00007fb93001a800 DEOPT PACKING pc=0x00007fb91913d84c sp=0x00007fb93495cff0
Event: 26.680 Thread 0x00007fb93001a800 DEOPT UNPACKING pc=0x00007fb9188c853a sp=0x00007fb93495c500 mode 1

Classes redefined (0 events):
No events

Internal exceptions (20 events):
Event: 19.985 Thread 0x00007fb93001a800 Exception <a 'java/lang/NoSuchMethodError'{0x00000000c71c27a8}: 'java.lang.Object java.lang.invoke.DirectMethodHandle$Holder.invokeSpecialIFC(java.lang.Object, java.lang.Object, java.lang.Object, java.lang.Object)'> (0x00000000c71c27a8) thrown at [src/hotspot/share/interpreter/linkResolver.cpp, line 772]
Event: 20.008 Thread 0x00007fb93001a800 Exception <a 'java/lang/IncompatibleClassChangeError'{0x00000000c70ea9e0}: Found class java.lang.Object, but interface was expected> (0x00000000c70ea9e0) thrown at [src/hotspot/share/interpreter/linkResolver.cpp, line 839]
Event: 24.508 Thread 0x00007fb93001a800 Exception <a 'java/lang/IncompatibleClassChangeError'{0x00000000c6f82980}: Found class java.lang.Object, but interface was expected> (0x00000000c6f82980) thrown at [src/hotspot/share/interpreter/linkResolver.cpp, line 839]
Event: 24.530 Thread 0x00007fb93001a800 Exception <a 'java/lang/NoSuchMethodError'{0x00000000c6fd1d08}: 'void java.lang.invoke.DirectMethodHandle$Holder.invokeSpecial(java.lang.Object, java.lang.Object, java.lang.Object, java.lang.Object, java.lang.Object)'> (0x00000000c6fd1d08) thrown at [src/hotspot/share/interpreter/linkResolver.cpp, line 772]
Event: 24.538 Thread 0x00007fb93001a800 Exception <a 'java/lang/NoSuchMethodError'{0x00000000c6ff76b8}: 'void java.lang.invoke.DirectMethodHandle$Holder.invokeSpecial(java.lang.Object, java.lang.Object, java.lang.Object, java.lang.Object)'> (0x00000000c6ff76b8) thrown at [src/hotspot/share/interpreter/linkResolver.cpp, line 772]
Event: 24.592 Thread 0x00007fb93001a800 Exception <a 'java/lang/NoSuchMethodError'{0x00000000c6e5db50}: 'java.lang.Object java.lang.invoke.DirectMethodHandle$Holder.invokeVirtual(java.lang.Object, java.lang.Object, java.lang.Object)'> (0x00000000c6e5db50) thrown at [src/hotspot/share/interpreter/linkResolver.cpp, line 772]
Event: 24.621 Thread 0x00007fb93001a800 Exception <a 'java/lang/NoSuchMethodError'{0x00000000c6d07740}: 'void java.lang.invoke.DirectMethodHandle$Holder.invokeInterface(java.lang.Object, java.lang.Object, java.lang.Object, java.lang.Object)'> (0x00000000c6d07740) thrown at [src/hotspot/share/interpreter/linkResolver.cpp, line 772]
Event: 24.621 Thread 0x00007fb93001a800 Exception <a 'java/lang/IncompatibleClassChangeError'{0x00000000c6d0a500}: Found class java.lang.Object, but interface was expected> (0x00000000c6d0a500) thrown at [src/hotspot/share/interpreter/linkResolver.cpp, line 839]
Event: 24.670 Thread 0x00007fb93001a800 Exception <a 'java/lang/NoSuchMethodError'{0x00000000c6a77238}: 'void java.lang.invoke.DirectMethodHandle$Holder.invokeSpecial(java.lang.Object, java.lang.Object)'> (0x00000000c6a77238) thrown at [src/hotspot/share/interpreter/linkResolver.cpp, line 772]
Event: 24.700 Thread 0x00007fb93001a800 Exception <a 'java/lang/NoSuchMethodError'{0x00000000c68ff270}: 'int java.lang.invoke.DirectMethodHandle$Holder.invokeStaticInit(java.lang.Object, java.lang.Object, java.lang.Object)'> (0x00000000c68ff270) thrown at [src/hotspot/share/interpreter/linkResolver.cpp, line 772]
Event: 24.730 Thread 0x00007fb93001a800 Exception <a 'java/lang/NoSuchMethodError'{0x00000000c6650890}: 'int java.lang.invoke.DirectMethodHandle$Holder.invokeStaticInit(java.lang.Object, java.lang.Object)'> (0x00000000c6650890) thrown at [src/hotspot/share/interpreter/linkResolver.cpp, line 772]
Event: 24.745 Thread 0x00007fb93001a800 Exception <a 'java/lang/NoSuchMethodError'{0x00000000c66d9ec8}: 'java.lang.Object java.lang.invoke.DirectMethodHandle$Holder.invokeInterface(java.lang.Object, java.lang.Object, java.lang.Object, java.lang.Object, java.lang.Object)'> (0x00000000c66d9ec8) thrown at [src/hotspot/share/interpreter/linkResolver.cpp, line 772]
Event: 24.745 Thread 0x00007fb93001a800 Exception <a 'java/lang/IncompatibleClassChangeError'{0x00000000c66dd620}: Found class java.lang.Object, but interface was expected> (0x00000000c66dd620) thrown at [src/hotspot/share/interpreter/linkResolver.cpp, line 839]
Event: 25.198 Thread 0x00007fb93001a800 Exception <a 'java/lang/ClassNotFoundException'{0x00000000c71535e0}: javax/smartcardio/CardPermission> (0x00000000c71535e0) thrown at [src/hotspot/share/classfile/systemDictionary.cpp, line 231]
Event: 25.211 Thread 0x00007fb93001a800 Exception <a 'java/io/FileNotFoundException'{0x00000000c71638c8}> (0x00000000c71638c8) thrown at [src/hotspot/share/prims/jni.cpp, line 615]
Event: 25.573 Thread 0x00007fb93001a800 Exception <a 'java/lang/NoSuchMethodError'{0x00000000c61aa528}: 'org.slf4j.impl.StaticMDCBinder org.slf4j.impl.StaticMDCBinder.getSingleton()'> (0x00000000c61aa528) thrown at [src/hotspot/share/interpreter/linkResolver.cpp, line 772]
Event: 25.747 Thread 0x00007fb93001a800 Exception <a 'java/lang/NoSuchMethodError'{0x00000000c75edde0}: 'java.lang.Object java.lang.invoke.DirectMethodHandle$Holder.invokeInterface(java.lang.Object, java.lang.Object, java.lang.Object, java.lang.Object)'> (0x00000000c75edde0) thrown at [src/hotspot/share/interpreter/linkResolver.cpp, line 772]
Event: 26.388 Thread 0x00007fb93001a800 Exception <a 'java/lang/NoSuchMethodError'{0x00000000c71d50c8}: 'void java.lang.invoke.DirectMethodHandle$Holder.invokeStatic(java.lang.Object, java.lang.Object, java.lang.Object, java.lang.Object, java.lang.Object, java.lang.Object)'> (0x00000000c71d50c8) thrown at [src/hotspot/share/interpreter/linkResolver.cpp, line 772]
Event: 26.478 Thread 0x00007fb93001a800 Exception <a 'java/lang/NoSuchMethodError'{0x00000000c6cfcea8}: 'int java.lang.invoke.DirectMethodHandle$Holder.invokeSpecial(java.lang.Object, java.lang.Object, java.lang.Object, java.lang.Object)'> (0x00000000c6cfcea8) thrown at [src/hotspot/share/interpreter/linkResolver.cpp, line 772]
Event: 26.579 Thread 0x00007fb93001a800 Exception <a 'java/lang/NoSuchMethodError'{0x00000000c62da888}: 'java.lang.Object java.lang.invoke.Invokers$Holder.linkToTargetMethod(java.lang.Object, java.lang.Object, java.lang.Object, java.lang.Object, java.lang.Object, java.lang.Object, java.lang.Object)'> (0x00000000c62da888) thrown at [src/hotspot/share/interpreter/linkResolver.cpp, line 772]

Events (20 events):
Event: 41.987 Executing VM operation: GetOrSetLocal
Event: 41.987 Executing VM operation: GetOrSetLocal done
Event: 41.987 Executing VM operation: GetOrSetLocal
Event: 41.987 Executing VM operation: GetOrSetLocal done
Event: 41.987 Executing VM operation: GetOrSetLocal
Event: 41.987 Executing VM operation: GetOrSetLocal done
Event: 41.993 Executing VM operation: GetFrameLocation
Event: 41.993 Executing VM operation: GetFrameLocation done
Event: 41.993 Executing VM operation: GetOrSetLocal
Event: 41.993 Executing VM operation: GetOrSetLocal done
Event: 42.000 Executing VM operation: GetOrSetLocal
Event: 42.001 Executing VM operation: GetOrSetLocal done
Event: 42.002 Executing VM operation: GetOrSetLocal
Event: 42.002 Executing VM operation: GetOrSetLocal done
Event: 42.004 Executing VM operation: GetOrSetLocal
Event: 42.004 Executing VM operation: GetOrSetLocal done
Event: 42.004 Executing VM operation: GetOrSetLocal
Event: 42.004 Executing VM operation: GetOrSetLocal done
Event: 53.540 Thread 0x00007fb8d0001800 Thread exited: 0x00007fb8d0001800
Event: 53.548 loading class jdk/internal/misc/Signal$1


Dynamic libraries:
c3a00000-c7800000 rw-p 00000000 00:00 0 
c7800000-ffe00000 ---p 00000000 00:00 0 
ffe00000-ffe47000 rw-p 01111000 08:09 922307                             /usr/lib/jvm/java-11-openjdk-amd64/lib/server/classes.jsa
ffe47000-fff00000 rw-p 00000000 00:00 0 
fff00000-fff6b000 rw-p 010a6000 08:09 922307                             /usr/lib/jvm/java-11-openjdk-amd64/lib/server/classes.jsa
fff6b000-100000000 rw-p 00000000 00:00 0 
800000000-800002000 rwxp 00001000 08:09 922307                           /usr/lib/jvm/java-11-openjdk-amd64/lib/server/classes.jsa
800002000-8010a5000 rw-p 00003000 08:09 922307                           /usr/lib/jvm/java-11-openjdk-amd64/lib/server/classes.jsa
840000000-8401c0000 rw-p 00000000 00:00 0 
8401c0000-880000000 ---p 00000000 00:00 0 
55cdc09f5000-55cdc09f6000 r--p 00000000 08:09 784908                     /usr/lib/jvm/java-11-openjdk-amd64/bin/java
55cdc09f6000-55cdc09f7000 r-xp 00001000 08:09 784908                     /usr/lib/jvm/java-11-openjdk-amd64/bin/java
55cdc09f7000-55cdc09f8000 r--p 00002000 08:09 784908                     /usr/lib/jvm/java-11-openjdk-amd64/bin/java
55cdc09f8000-55cdc09f9000 r--p 00002000 08:09 784908                     /usr/lib/jvm/java-11-openjdk-amd64/bin/java
55cdc09f9000-55cdc09fa000 rw-p 00003000 08:09 784908                     /usr/lib/jvm/java-11-openjdk-amd64/bin/java
55cdc12bf000-55cdc12e0000 rw-p 00000000 00:00 0                          [heap]
7fb8b8000000-7fb8b8021000 rw-p 00000000 00:00 0 
7fb8b8021000-7fb8bc000000 ---p 00000000 00:00 0 
7fb8bc000000-7fb8bc021000 rw-p 00000000 00:00 0 
7fb8bc021000-7fb8c0000000 ---p 00000000 00:00 0 
7fb8c0000000-7fb8c0021000 rw-p 00000000 00:00 0 
7fb8c0021000-7fb8c4000000 ---p 00000000 00:00 0 
7fb8c4000000-7fb8c4021000 rw-p 00000000 00:00 0 
7fb8c4021000-7fb8c8000000 ---p 00000000 00:00 0 
7fb8c8000000-7fb8c8021000 rw-p 00000000 00:00 0 
7fb8c8021000-7fb8cc000000 ---p 00000000 00:00 0 
7fb8cc000000-7fb8cc021000 rw-p 00000000 00:00 0 
7fb8cc021000-7fb8d0000000 ---p 00000000 00:00 0 
7fb8d0000000-7fb8d0026000 rw-p 00000000 00:00 0 
7fb8d0026000-7fb8d4000000 ---p 00000000 00:00 0 
7fb8d4000000-7fb8d4021000 rw-p 00000000 00:00 0 
7fb8d4021000-7fb8d8000000 ---p 00000000 00:00 0 
7fb8d8000000-7fb8d8021000 rw-p 00000000 00:00 0 
7fb8d8021000-7fb8dc000000 ---p 00000000 00:00 0 
7fb8dc000000-7fb8dc021000 rw-p 00000000 00:00 0 
7fb8dc021000-7fb8e0000000 ---p 00000000 00:00 0 
7fb8e0000000-7fb8e2dac000 rw-p 00000000 00:00 0 
7fb8e2dac000-7fb8e4000000 ---p 00000000 00:00 0 
7fb8e4000000-7fb8e496c000 rw-p 00000000 00:00 0 
7fb8e496c000-7fb8e8000000 ---p 00000000 00:00 0 
7fb8e8000000-7fb8e8021000 rw-p 00000000 00:00 0 
7fb8e8021000-7fb8ec000000 ---p 00000000 00:00 0 
7fb8ec000000-7fb8ec021000 rw-p 00000000 00:00 0 
7fb8ec021000-7fb8f0000000 ---p 00000000 00:00 0 
7fb8f0000000-7fb8f0021000 rw-p 00000000 00:00 0 
7fb8f0021000-7fb8f4000000 ---p 00000000 00:00 0 
7fb8f4000000-7fb8f4021000 rw-p 00000000 00:00 0 
7fb8f4021000-7fb8f8000000 ---p 00000000 00:00 0 
7fb8f8000000-7fb8f8021000 rw-p 00000000 00:00 0 
7fb8f8021000-7fb8fc000000 ---p 00000000 00:00 0 
7fb8fc000000-7fb8fc0d8000 rw-p 00000000 00:00 0 
7fb8fc0d8000-7fb900000000 ---p 00000000 00:00 0 
7fb900000000-7fb900021000 rw-p 00000000 00:00 0 
7fb900021000-7fb904000000 ---p 00000000 00:00 0 
7fb904000000-7fb904021000 rw-p 00000000 00:00 0 
7fb904021000-7fb908000000 ---p 00000000 00:00 0 
7fb90922d000-7fb90932d000 rw-p 00000000 00:00 0 
7fb90932d000-7fb90942d000 ---p 00000000 00:00 0 
7fb909a73000-7fb909c73000 rw-p 00000000 00:00 0 
7fb909c73000-7fb909c74000 ---p 00000000 00:00 0 
7fb909c74000-7fb909d75000 rw-p 00000000 00:00 0 
7fb909d75000-7fb909d76000 ---p 00000000 00:00 0 
7fb909d76000-7fb909e77000 rw-p 00000000 00:00 0 
7fb909e77000-7fb909e7b000 ---p 00000000 00:00 0 
7fb909e7b000-7fb909f78000 rw-p 00000000 00:00 0 
7fb909f78000-7fb909f79000 ---p 00000000 00:00 0 
7fb909f79000-7fb90a07a000 rw-p 00000000 00:00 0 
7fb90a07a000-7fb90a07b000 ---p 00000000 00:00 0 
7fb90a07b000-7fb90a17c000 rw-p 00000000 00:00 0 
7fb90a17c000-7fb90a180000 ---p 00000000 00:00 0 
7fb90a180000-7fb90a27d000 rw-p 00000000 00:00 0 
7fb90a27d000-7fb90a281000 ---p 00000000 00:00 0 
7fb90a281000-7fb90a37e000 rw-p 00000000 00:00 0 
7fb90a37e000-7fb90a382000 ---p 00000000 00:00 0 
7fb90a382000-7fb90a47f000 rw-p 00000000 00:00 0 
7fb90a47f000-7fb90a483000 ---p 00000000 00:00 0 
7fb90a483000-7fb90a580000 rw-p 00000000 00:00 0 
7fb90a580000-7fb90a584000 ---p 00000000 00:00 0 
7fb90a584000-7fb90a681000 rw-p 00000000 00:00 0 
7fb90a681000-7fb90a685000 ---p 00000000 00:00 0 
7fb90a685000-7fb90a782000 rw-p 00000000 00:00 0 
7fb90a782000-7fb90a786000 ---p 00000000 00:00 0 
7fb90a786000-7fb90a883000 rw-p 00000000 00:00 0 
7fb90a883000-7fb90a887000 ---p 00000000 00:00 0 
7fb90a887000-7fb90a984000 rw-p 00000000 00:00 0 
7fb90a984000-7fb90a988000 ---p 00000000 00:00 0 
7fb90a988000-7fb90aa85000 rw-p 00000000 00:00 0 
7fb90aa85000-7fb90aff5000 r--p 00000000 08:09 659230                     /usr/lib/locale/locale-archive
7fb90aff5000-7fb90aff9000 ---p 00000000 00:00 0 
7fb90aff9000-7fb90b0f6000 rw-p 00000000 00:00 0 
7fb90b0f6000-7fb90b0fa000 ---p 00000000 00:00 0 
7fb90b0fa000-7fb90b1f7000 rw-p 00000000 00:00 0 
7fb90b1f7000-7fb90b1f8000 ---p 00000000 00:00 0 
7fb90b1f8000-7fb90baf9000 rw-p 00000000 00:00 0 
7fb90baf9000-7fb90bafa000 ---p 00000000 00:00 0 
7fb90bafa000-7fb90bbfb000 rw-p 00000000 00:00 0 
7fb90bbfb000-7fb90bbfc000 ---p 00000000 00:00 0 
7fb90bbfc000-7fb90c000000 rw-p 00000000 00:00 0 
7fb90c000000-7fb90c021000 rw-p 00000000 00:00 0 
7fb90c021000-7fb910000000 ---p 00000000 00:00 0 
7fb9100cf000-7fb9122c8000 rw-p 00000000 00:00 0 
7fb9122c8000-7fb9130e0000 ---p 00000000 00:00 0 
7fb9130e0000-7fb9131e0000 rw-p 00000000 00:00 0 
7fb9131e0000-7fb913ff8000 ---p 00000000 00:00 0 
7fb913ff8000-7fb914000000 rw-p 00000000 00:00 0 
7fb914000000-7fb914021000 rw-p 00000000 00:00 0 
7fb914021000-7fb918000000 ---p 00000000 00:00 0 
7fb918063000-7fb9180e4000 rw-p 00000000 00:00 0 
7fb9180e4000-7fb9180e5000 ---p 00000000 00:00 0 
7fb9180e5000-7fb9181e6000 rw-p 00000000 00:00 0 
7fb9181e6000-7fb9181e7000 ---p 00000000 00:00 0 
7fb9181e7000-7fb918307000 rw-p 00000000 00:00 0 
7fb918307000-7fb9184ca000 ---p 00000000 00:00 0 
7fb9184ca000-7fb9184ea000 rw-p 00000000 00:00 0 
7fb9184ea000-7fb9186ad000 ---p 00000000 00:00 0 
7fb9186ad000-7fb9186cd000 rw-p 00000000 00:00 0 
7fb9186cd000-7fb918890000 ---p 00000000 00:00 0 
7fb918890000-7fb918891000 rw-p 00000000 00:00 0 
7fb918891000-7fb918b01000 rwxp 00000000 00:00 0 
7fb918b01000-7fb918e21000 ---p 00000000 00:00 0 
7fb918e21000-7fb9191f1000 rwxp 00000000 00:00 0 
7fb9191f1000-7fb920359000 ---p 00000000 00:00 0 
7fb920359000-7fb9205c9000 rwxp 00000000 00:00 0 
7fb9205c9000-7fb927891000 ---p 00000000 00:00 0 
7fb930000000-7fb93114d000 rw-p 00000000 00:00 0 
7fb93114d000-7fb934000000 ---p 00000000 00:00 0 
7fb934004000-7fb934005000 r--p 00000000 08:09 785457                     /usr/lib/jvm/java-11-openjdk-amd64/lib/libextnet.so
7fb934005000-7fb934006000 r-xp 00001000 08:09 785457                     /usr/lib/jvm/java-11-openjdk-amd64/lib/libextnet.so
7fb934006000-7fb934007000 r--p 00002000 08:09 785457                     /usr/lib/jvm/java-11-openjdk-amd64/lib/libextnet.so
7fb934007000-7fb934008000 r--p 00002000 08:09 785457                     /usr/lib/jvm/java-11-openjdk-amd64/lib/libextnet.so
7fb934008000-7fb934009000 rw-p 00003000 08:09 785457                     /usr/lib/jvm/java-11-openjdk-amd64/lib/libextnet.so
7fb934009000-7fb93400d000 r--p 00000000 08:09 786356                     /usr/lib/jvm/java-11-openjdk-amd64/lib/libnet.so
7fb93400d000-7fb93401c000 r-xp 00004000 08:09 786356                     /usr/lib/jvm/java-11-openjdk-amd64/lib/libnet.so
7fb93401c000-7fb934020000 r--p 00013000 08:09 786356                     /usr/lib/jvm/java-11-openjdk-amd64/lib/libnet.so
7fb934020000-7fb934021000 r--p 00016000 08:09 786356                     /usr/lib/jvm/java-11-openjdk-amd64/lib/libnet.so
7fb934021000-7fb934022000 rw-p 00017000 08:09 786356                     /usr/lib/jvm/java-11-openjdk-amd64/lib/libnet.so
7fb934022000-7fb934029000 r--p 00000000 08:09 786360                     /usr/lib/jvm/java-11-openjdk-amd64/lib/libnio.so
7fb934029000-7fb934031000 r-xp 00007000 08:09 786360                     /usr/lib/jvm/java-11-openjdk-amd64/lib/libnio.so
7fb934031000-7fb934034000 r--p 0000f000 08:09 786360                     /usr/lib/jvm/java-11-openjdk-amd64/lib/libnio.so
7fb934034000-7fb934035000 r--p 00011000 08:09 786360                     /usr/lib/jvm/java-11-openjdk-amd64/lib/libnio.so
7fb934035000-7fb934036000 rw-p 00012000 08:09 786360                     /usr/lib/jvm/java-11-openjdk-amd64/lib/libnio.so
7fb934036000-7fb934038000 r--p 00000000 08:09 785456                     /usr/lib/jvm/java-11-openjdk-amd64/lib/libdt_socket.so
7fb934038000-7fb93403b000 r-xp 00002000 08:09 785456                     /usr/lib/jvm/java-11-openjdk-amd64/lib/libdt_socket.so
7fb93403b000-7fb93403c000 r--p 00005000 08:09 785456                     /usr/lib/jvm/java-11-openjdk-amd64/lib/libdt_socket.so
7fb93403c000-7fb93403d000 ---p 00006000 08:09 785456                     /usr/lib/jvm/java-11-openjdk-amd64/lib/libdt_socket.so
7fb93403d000-7fb93403e000 r--p 00006000 08:09 785456                     /usr/lib/jvm/java-11-openjdk-amd64/lib/libdt_socket.so
7fb93403e000-7fb93403f000 rw-p 00007000 08:09 785456                     /usr/lib/jvm/java-11-openjdk-amd64/lib/libdt_socket.so
7fb93403f000-7fb934046000 r--s 00000000 08:09 1190158                    /usr/lib/x86_64-linux-gnu/gconv/gconv-modules.cache
7fb934046000-7fb9344c6000 rw-p 00000000 00:00 0 
7fb9344c6000-7fb9344c7000 ---p 00000000 00:00 0 
7fb9344c7000-7fb9345cd000 rw-p 00000000 00:00 0 
7fb9345cd000-7fb9346b3000 ---p 00000000 00:00 0 
7fb9346b3000-7fb9346bb000 rw-p 00000000 00:00 0 
7fb9346bb000-7fb93479e000 ---p 00000000 00:00 0 
7fb93479e000-7fb9347a3000 rw-p 00000000 00:00 0 
7fb9347a3000-7fb9347aa000 ---p 00000000 00:00 0 
7fb9347aa000-7fb9347ac000 r--s 0000c000 08:09 1312763                    /usr/share/java/java-atk-wrapper.jar
7fb9347ac000-7fb9347af000 r--p 00000000 08:09 657139                     /usr/lib/x86_64-linux-gnu/libnss_files-2.31.so
7fb9347af000-7fb9347b6000 r-xp 00003000 08:09 657139                     /usr/lib/x86_64-linux-gnu/libnss_files-2.31.so
7fb9347b6000-7fb9347b8000 r--p 0000a000 08:09 657139                     /usr/lib/x86_64-linux-gnu/libnss_files-2.31.so
7fb9347b8000-7fb9347b9000 r--p 0000b000 08:09 657139                     /usr/lib/x86_64-linux-gnu/libnss_files-2.31.so
7fb9347b9000-7fb9347ba000 rw-p 0000c000 08:09 657139                     /usr/lib/x86_64-linux-gnu/libnss_files-2.31.so
7fb9347ba000-7fb9347c0000 rw-p 00000000 00:00 0 
7fb9347c0000-7fb9347c2000 r--p 00000000 08:09 791576                     /usr/lib/jvm/java-11-openjdk-amd64/lib/libzip.so
7fb9347c2000-7fb9347c6000 r-xp 00002000 08:09 791576                     /usr/lib/jvm/java-11-openjdk-amd64/lib/libzip.so
7fb9347c6000-7fb9347c8000 r--p 00006000 08:09 791576                     /usr/lib/jvm/java-11-openjdk-amd64/lib/libzip.so
7fb9347c8000-7fb9347c9000 r--p 00007000 08:09 791576                     /usr/lib/jvm/java-11-openjdk-amd64/lib/libzip.so
7fb9347c9000-7fb9347ca000 rw-p 00008000 08:09 791576                     /usr/lib/jvm/java-11-openjdk-amd64/lib/libzip.so
7fb9347ca000-7fb9347d2000 rw-s 00000000 08:09 1855999                    /tmp/hsperfdata_rohit/28970
7fb9347d2000-7fb9347d4000 r--p 00000000 08:09 785459                     /usr/lib/jvm/java-11-openjdk-amd64/lib/libinstrument.so
7fb9347d4000-7fb9347da000 r-xp 00002000 08:09 785459                     /usr/lib/jvm/java-11-openjdk-amd64/lib/libinstrument.so
7fb9347da000-7fb9347dd000 r--p 00008000 08:09 785459                     /usr/lib/jvm/java-11-openjdk-amd64/lib/libinstrument.so
7fb9347dd000-7fb9347de000 r--p 0000a000 08:09 785459                     /usr/lib/jvm/java-11-openjdk-amd64/lib/libinstrument.so
7fb9347de000-7fb9347df000 rw-p 0000b000 08:09 785459                     /usr/lib/jvm/java-11-openjdk-amd64/lib/libinstrument.so
7fb9347df000-7fb9347e1000 r--p 00000000 08:09 785470                     /usr/lib/jvm/java-11-openjdk-amd64/lib/libjdwp.so
7fb9347e1000-7fb93480d000 r-xp 00002000 08:09 785470                     /usr/lib/jvm/java-11-openjdk-amd64/lib/libjdwp.so
7fb93480d000-7fb93481b000 r--p 0002e000 08:09 785470                     /usr/lib/jvm/java-11-openjdk-amd64/lib/libjdwp.so
7fb93481b000-7fb93481c000 r--p 0003b000 08:09 785470                     /usr/lib/jvm/java-11-openjdk-amd64/lib/libjdwp.so
7fb93481c000-7fb93481d000 rw-p 0003c000 08:09 785470                     /usr/lib/jvm/java-11-openjdk-amd64/lib/libjdwp.so
7fb93481d000-7fb93481e000 ---p 00000000 00:00 0 
7fb93481e000-7fb93481f000 r--p 00000000 00:00 0 
7fb93481f000-7fb934821000 r--p 00000000 08:09 785471                     /usr/lib/jvm/java-11-openjdk-amd64/lib/libjimage.so
7fb934821000-7fb934824000 r-xp 00002000 08:09 785471                     /usr/lib/jvm/java-11-openjdk-amd64/lib/libjimage.so
7fb934824000-7fb934825000 r--p 00005000 08:09 785471                     /usr/lib/jvm/java-11-openjdk-amd64/lib/libjimage.so
7fb934825000-7fb934826000 ---p 00006000 08:09 785471                     /usr/lib/jvm/java-11-openjdk-amd64/lib/libjimage.so
7fb934826000-7fb934827000 r--p 00006000 08:09 785471                     /usr/lib/jvm/java-11-openjdk-amd64/lib/libjimage.so
7fb934827000-7fb934828000 rw-p 00007000 08:09 785471                     /usr/lib/jvm/java-11-openjdk-amd64/lib/libjimage.so
7fb934828000-7fb934836000 r--p 00000000 08:09 785464                     /usr/lib/jvm/java-11-openjdk-amd64/lib/libjava.so
7fb934836000-7fb93484c000 r-xp 0000e000 08:09 785464                     /usr/lib/jvm/java-11-openjdk-amd64/lib/libjava.so
7fb93484c000-7fb934853000 r--p 00024000 08:09 785464                     /usr/lib/jvm/java-11-openjdk-amd64/lib/libjava.so
7fb934853000-7fb934854000 r--p 0002a000 08:09 785464                     /usr/lib/jvm/java-11-openjdk-amd64/lib/libjava.so
7fb934854000-7fb934855000 rw-p 0002b000 08:09 785464                     /usr/lib/jvm/java-11-openjdk-amd64/lib/libjava.so
7fb934855000-7fb934856000 rw-p 00000000 00:00 0 
7fb934856000-7fb934859000 r--p 00000000 08:09 657146                     /usr/lib/x86_64-linux-gnu/librt-2.31.so
7fb934859000-7fb93485d000 r-xp 00003000 08:09 657146                     /usr/lib/x86_64-linux-gnu/librt-2.31.so
7fb93485d000-7fb93485e000 r--p 00007000 08:09 657146                     /usr/lib/x86_64-linux-gnu/librt-2.31.so
7fb93485e000-7fb93485f000 ---p 00008000 08:09 657146                     /usr/lib/x86_64-linux-gnu/librt-2.31.so
7fb93485f000-7fb934860000 r--p 00008000 08:09 657146                     /usr/lib/x86_64-linux-gnu/librt-2.31.so
7fb934860000-7fb934861000 rw-p 00009000 08:09 657146                     /usr/lib/x86_64-linux-gnu/librt-2.31.so
7fb934861000-7fb934865000 ---p 00000000 00:00 0 
7fb934865000-7fb934962000 rw-p 00000000 00:00 0 
7fb934962000-7fb934965000 r--p 00000000 08:09 659243                     /usr/lib/x86_64-linux-gnu/libgcc_s.so.1
7fb934965000-7fb934977000 r-xp 00003000 08:09 659243                     /usr/lib/x86_64-linux-gnu/libgcc_s.so.1
7fb934977000-7fb93497b000 r--p 00015000 08:09 659243                     /usr/lib/x86_64-linux-gnu/libgcc_s.so.1
7fb93497b000-7fb93497c000 r--p 00018000 08:09 659243                     /usr/lib/x86_64-linux-gnu/libgcc_s.so.1
7fb93497c000-7fb93497d000 rw-p 00019000 08:09 659243                     /usr/lib/x86_64-linux-gnu/libgcc_s.so.1
7fb93497d000-7fb93498c000 r--p 00000000 08:09 657133                     /usr/lib/x86_64-linux-gnu/libm-2.31.so
7fb93498c000-7fb934a33000 r-xp 0000f000 08:09 657133                     /usr/lib/x86_64-linux-gnu/libm-2.31.so
7fb934a33000-7fb934aca000 r--p 000b6000 08:09 657133                     /usr/lib/x86_64-linux-gnu/libm-2.31.so
7fb934aca000-7fb934acb000 r--p 0014c000 08:09 657133                     /usr/lib/x86_64-linux-gnu/libm-2.31.so
7fb934acb000-7fb934acc000 rw-p 0014d000 08:09 657133                     /usr/lib/x86_64-linux-gnu/libm-2.31.so
7fb934acc000-7fb934b62000 r--p 00000000 08:09 659237                     /usr/lib/x86_64-linux-gnu/libstdc++.so.6.0.28
7fb934b62000-7fb934c52000 r-xp 00096000 08:09 659237                     /usr/lib/x86_64-linux-gnu/libstdc++.so.6.0.28
7fb934c52000-7fb934c9b000 r--p 00186000 08:09 659237                     /usr/lib/x86_64-linux-gnu/libstdc++.so.6.0.28
7fb934c9b000-7fb934c9c000 ---p 001cf000 08:09 659237                     /usr/lib/x86_64-linux-gnu/libstdc++.so.6.0.28
7fb934c9c000-7fb934ca7000 r--p 001cf000 08:09 659237                     /usr/lib/x86_64-linux-gnu/libstdc++.so.6.0.28
7fb934ca7000-7fb934caa000 rw-p 001da000 08:09 659237                     /usr/lib/x86_64-linux-gnu/libstdc++.so.6.0.28
7fb934caa000-7fb934cad000 rw-p 00000000 00:00 0 
7fb934cad000-7fb934f26000 r--p 00000000 08:09 919091                     /usr/lib/jvm/java-11-openjdk-amd64/lib/server/libjvm.so
7fb934f26000-7fb935ba7000 r-xp 00279000 08:09 919091                     /usr/lib/jvm/java-11-openjdk-amd64/lib/server/libjvm.so
7fb935ba7000-7fb935dfd000 r--p 00efa000 08:09 919091                     /usr/lib/jvm/java-11-openjdk-amd64/lib/server/libjvm.so
7fb935dfd000-7fb935dfe000 ---p 01150000 08:09 919091                     /usr/lib/jvm/java-11-openjdk-amd64/lib/server/libjvm.so
7fb935dfe000-7fb935ebf000 r--p 01150000 08:09 919091                     /usr/lib/jvm/java-11-openjdk-amd64/lib/server/libjvm.so
7fb935ebf000-7fb935efa000 rw-p 01211000 08:09 919091                     /usr/lib/jvm/java-11-openjdk-amd64/lib/server/libjvm.so
7fb935efa000-7fb935f53000 rw-p 00000000 00:00 0 
7fb935f53000-7fb935f5a000 r--p 00000000 08:09 657144                     /usr/lib/x86_64-linux-gnu/libpthread-2.31.so
7fb935f5a000-7fb935f6b000 r-xp 00007000 08:09 657144                     /usr/lib/x86_64-linux-gnu/libpthread-2.31.so
7fb935f6b000-7fb935f70000 r--p 00018000 08:09 657144                     /usr/lib/x86_64-linux-gnu/libpthread-2.31.so
7fb935f70000-7fb935f71000 r--p 0001c000 08:09 657144                     /usr/lib/x86_64-linux-gnu/libpthread-2.31.so
7fb935f71000-7fb935f72000 rw-p 0001d000 08:09 657144                     /usr/lib/x86_64-linux-gnu/libpthread-2.31.so
7fb935f72000-7fb935f76000 rw-p 00000000 00:00 0 
7fb935f76000-7fb935f77000 r--p 00000000 08:09 657132                     /usr/lib/x86_64-linux-gnu/libdl-2.31.so
7fb935f77000-7fb935f79000 r-xp 00001000 08:09 657132                     /usr/lib/x86_64-linux-gnu/libdl-2.31.so
7fb935f79000-7fb935f7a000 r--p 00003000 08:09 657132                     /usr/lib/x86_64-linux-gnu/libdl-2.31.so
7fb935f7a000-7fb935f7b000 r--p 00003000 08:09 657132                     /usr/lib/x86_64-linux-gnu/libdl-2.31.so
7fb935f7b000-7fb935f7c000 rw-p 00004000 08:09 657132                     /usr/lib/x86_64-linux-gnu/libdl-2.31.so
7fb935f7c000-7fb935f7e000 r--p 00000000 08:09 654621                     /usr/lib/x86_64-linux-gnu/libz.so.1.2.11
7fb935f7e000-7fb935f8f000 r-xp 00002000 08:09 654621                     /usr/lib/x86_64-linux-gnu/libz.so.1.2.11
7fb935f8f000-7fb935f95000 r--p 00013000 08:09 654621                     /usr/lib/x86_64-linux-gnu/libz.so.1.2.11
7fb935f95000-7fb935f96000 ---p 00019000 08:09 654621                     /usr/lib/x86_64-linux-gnu/libz.so.1.2.11
7fb935f96000-7fb935f97000 r--p 00019000 08:09 654621                     /usr/lib/x86_64-linux-gnu/libz.so.1.2.11
7fb935f97000-7fb935f98000 rw-p 0001a000 08:09 654621                     /usr/lib/x86_64-linux-gnu/libz.so.1.2.11
7fb935f98000-7fb935fbd000 r--p 00000000 08:09 657131                     /usr/lib/x86_64-linux-gnu/libc-2.31.so
7fb935fbd000-7fb936135000 r-xp 00025000 08:09 657131                     /usr/lib/x86_64-linux-gnu/libc-2.31.so
7fb936135000-7fb93617f000 r--p 0019d000 08:09 657131                     /usr/lib/x86_64-linux-gnu/libc-2.31.so
7fb93617f000-7fb936180000 ---p 001e7000 08:09 657131                     /usr/lib/x86_64-linux-gnu/libc-2.31.so
7fb936180000-7fb936183000 r--p 001e7000 08:09 657131                     /usr/lib/x86_64-linux-gnu/libc-2.31.so
7fb936183000-7fb936186000 rw-p 001ea000 08:09 657131                     /usr/lib/x86_64-linux-gnu/libc-2.31.so
7fb936186000-7fb93618a000 rw-p 00000000 00:00 0 
7fb93618a000-7fb93618f000 r--p 00000000 08:09 791574                     /usr/lib/jvm/java-11-openjdk-amd64/lib/libverify.so
7fb93618f000-7fb936196000 r-xp 00005000 08:09 791574                     /usr/lib/jvm/java-11-openjdk-amd64/lib/libverify.so
7fb936196000-7fb936198000 r--p 0000c000 08:09 791574                     /usr/lib/jvm/java-11-openjdk-amd64/lib/libverify.so
7fb936198000-7fb936199000 ---p 0000e000 08:09 791574                     /usr/lib/jvm/java-11-openjdk-amd64/lib/libverify.so
7fb936199000-7fb93619b000 r--p 0000e000 08:09 791574                     /usr/lib/jvm/java-11-openjdk-amd64/lib/libverify.so
7fb93619b000-7fb93619c000 rw-p 00010000 08:09 791574                     /usr/lib/jvm/java-11-openjdk-amd64/lib/libverify.so
7fb93619c000-7fb93619f000 r--p 00000000 08:09 918869                     /usr/lib/jvm/java-11-openjdk-amd64/lib/jli/libjli.so
7fb93619f000-7fb9361a9000 r-xp 00003000 08:09 918869                     /usr/lib/jvm/java-11-openjdk-amd64/lib/jli/libjli.so
7fb9361a9000-7fb9361ac000 r--p 0000d000 08:09 918869                     /usr/lib/jvm/java-11-openjdk-amd64/lib/jli/libjli.so
7fb9361ac000-7fb9361ad000 ---p 00010000 08:09 918869                     /usr/lib/jvm/java-11-openjdk-amd64/lib/jli/libjli.so
7fb9361ad000-7fb9361ae000 r--p 00010000 08:09 918869                     /usr/lib/jvm/java-11-openjdk-amd64/lib/jli/libjli.so
7fb9361ae000-7fb9361af000 rw-p 00011000 08:09 918869                     /usr/lib/jvm/java-11-openjdk-amd64/lib/jli/libjli.so
7fb9361af000-7fb9361b1000 rw-p 00000000 00:00 0 
7fb9361b1000-7fb9361b2000 r--p 00000000 08:09 655052                     /usr/lib/x86_64-linux-gnu/ld-2.31.so
7fb9361b2000-7fb9361d5000 r-xp 00001000 08:09 655052                     /usr/lib/x86_64-linux-gnu/ld-2.31.so
7fb9361d5000-7fb9361dd000 r--p 00024000 08:09 655052                     /usr/lib/x86_64-linux-gnu/ld-2.31.so
7fb9361de000-7fb9361df000 r--p 0002c000 08:09 655052                     /usr/lib/x86_64-linux-gnu/ld-2.31.so
7fb9361df000-7fb9361e0000 rw-p 0002d000 08:09 655052                     /usr/lib/x86_64-linux-gnu/ld-2.31.so
7fb9361e0000-7fb9361e1000 rw-p 00000000 00:00 0 
7ffd79128000-7ffd7914c000 rw-p 00000000 00:00 0                          [stack]
7ffd79153000-7ffd79157000 r--p 00000000 00:00 0                          [vvar]
7ffd79157000-7ffd79159000 r-xp 00000000 00:00 0                          [vdso]
ffffffffff600000-ffffffffff601000 --xp 00000000 00:00 0                  [vsyscall]


VM Arguments:
jvm_args: -agentlib:jdwp=transport=dt_socket,suspend=y,address=localhost:44575 -ea -javaagent:/home/rohit/.eclipse/360744286_linux_gtk_x86_64/configuration/org.eclipse.osgi/222/0/.cp/lib/javaagent-shaded.jar -Dfile.encoding=UTF-8 
java_command: org.eclipse.jdt.internal.junit.runner.RemoteTestRunner -version 3 -port 38443 -testLoaderClass org.eclipse.jdt.internal.junit5.runner.JUnit5TestLoader -loaderpluginname org.eclipse.jdt.junit5.runtime -test org.springframework.samples.petclinic.model.ValidatorTests:shouldNotValidateWhenFirstNameEmpty
java_class_path (initial): /home/rohit/jenkins/jgsu-spring-petclinic/target/test-classes:/home/rohit/jenkins/jgsu-spring-petclinic/target/classes:/home/rohit/.m2/repository/org/springframework/boot/spring-boot-starter-actuator/2.3.1.RELEASE/spring-boot-starter-actuator-2.3.1.RELEASE.jar:/home/rohit/.m2/repository/org/springframework/boot/spring-boot-starter/2.3.1.RELEASE/spring-boot-starter-2.3.1.RELEASE.jar:/home/rohit/.m2/repository/org/springframework/boot/spring-boot-starter-logging/2.3.1.RELEASE/spring-boot-starter-logging-2.3.1.RELEASE.jar:/home/rohit/.m2/repository/ch/qos/logback/logback-classic/1.2.3/logback-classic-1.2.3.jar:/home/rohit/.m2/repository/ch/qos/logback/logback-core/1.2.3/logback-core-1.2.3.jar:/home/rohit/.m2/repository/org/apache/logging/log4j/log4j-to-slf4j/2.13.3/log4j-to-slf4j-2.13.3.jar:/home/rohit/.m2/repository/org/apache/logging/log4j/log4j-api/2.13.3/log4j-api-2.13.3.jar:/home/rohit/.m2/repository/org/slf4j/jul-to-slf4j/1.7.30/jul-to-slf4j-1.7.30.jar:/home/rohit/.m2/repository/jakarta/annotation/jakarta.annotation-api/1.3.5/jakarta.annotation-api-1.3.5.jar:/home/rohit/.m2/repository/org/yaml/snakeyaml/1.26/snakeyaml-1.26.jar:/home/rohit/.m2/repository/org/springframework/boot/spring-boot-actuator-autoconfigure/2.3.1.RELEASE/spring-boot-actuator-autoconfigure-2.3.1.RELEASE.jar:/home/rohit/.m2/repository/org/springframework/boot/spring-boot-actuator/2.3.1.RELEASE/spring-boot-actuator-2.3.1.RELEASE.jar:/home/rohit/.m2/repository/com/fasterxml/jackson/core/jackson-databind/2.11.0/jackson-databind-2.11.0.jar:/home/rohit/.m2/repository/com/fasterxml/jackson/core/jackson-annotations/2.11.0/jackson-annotations-2.11.0.jar:/home/rohit/.m2/repository/com/fasterxml/jackson/datatype/jackson-datatype-jsr310/2.11.0/jackson-datatype-jsr310-2.11.0.jar:/home/rohit/.m2/repository/io/micrometer/micrometer-core/1.5.1/micrometer-core-1.5.1.jar:/home/rohit/.m2/repository/org/hdrhistogram/HdrHistogram/2.1.12/HdrHistogram-2.1.12.jar:/home/rohit/.m2/reposito
Launcher Type: SUN_STANDARD

[Global flags]
     intx CICompilerCount                          = 3                                         {product} {ergonomic}
     uint ConcGCThreads                            = 1                                         {product} {ergonomic}
     uint G1ConcRefinementThreads                  = 4                                         {product} {ergonomic}
   size_t G1HeapRegionSize                         = 1048576                                   {product} {ergonomic}
    uintx GCDrainStackTargetSize                   = 64                                        {product} {ergonomic}
   size_t InitialHeapSize                          = 65011712                                  {product} {ergonomic}
   size_t MarkStackSize                            = 4194304                                   {product} {ergonomic}
   size_t MaxHeapSize                              = 1012924416                                {product} {ergonomic}
   size_t MaxNewSize                               = 607125504                                 {product} {ergonomic}
   size_t MinHeapDeltaBytes                        = 1048576                                   {product} {ergonomic}
    uintx NonNMethodCodeHeapSize                   = 5830732                                {pd product} {ergonomic}
    uintx NonProfiledCodeHeapSize                  = 122913754                              {pd product} {ergonomic}
    uintx ProfiledCodeHeapSize                     = 122913754                              {pd product} {ergonomic}
    uintx ReservedCodeCacheSize                    = 251658240                              {pd product} {ergonomic}
     bool SegmentedCodeCache                       = true                                      {product} {ergonomic}
     bool UseCompressedClassPointers               = true                                 {lp64_product} {ergonomic}
     bool UseCompressedOops                        = true                                 {lp64_product} {ergonomic}
     bool UseG1GC                                  = true                                      {product} {ergonomic}

Logging:
Log output configuration:
 #0: stdout all=warning uptime,level,tags
